{"/home/juan-vidal/SENA/SENASOFT/match-battle/backend/src/server.js": {"path":"/home/juan-vidal/SENA/SENASOFT/match-battle/backend/src/server.js","statementMap":{"0":{"start":{"line":11,"column":0},"end":{"line":11,"column":9}},"1":{"start":{"line":12,"column":13},"end":{"line":12,"column":37}},"2":{"start":{"line":13,"column":19},"end":{"line":13,"column":28}},"3":{"start":{"line":15,"column":0},"end":{"line":15,"column":24}},"4":{"start":{"line":16,"column":0},"end":{"line":16,"column":49}},"5":{"start":{"line":17,"column":0},"end":{"line":23,"column":4}},"6":{"start":{"line":24,"column":0},"end":{"line":24,"column":24}},"7":{"start":{"line":25,"column":0},"end":{"line":25,"column":23}},"8":{"start":{"line":27,"column":21},"end":{"line":27,"column":43}},"9":{"start":{"line":28,"column":11},"end":{"line":28,"column":35}},"10":{"start":{"line":37,"column":0},"end":{"line":37,"column":28}},"11":{"start":{"line":38,"column":0},"end":{"line":38,"column":29}},"12":{"start":{"line":39,"column":0},"end":{"line":39,"column":28}},"13":{"start":{"line":40,"column":0},"end":{"line":40,"column":31}},"14":{"start":{"line":44,"column":22},"end":{"line":44,"column":120}},"15":{"start":{"line":44,"column":45},"end":{"line":44,"column":119}},"16":{"start":{"line":45,"column":0},"end":{"line":45,"column":15}}},"fnMap":{"0":{"name":"(anonymous_0)","decl":{"start":{"line":44,"column":39},"end":{"line":44,"column":40}},"loc":{"start":{"line":44,"column":45},"end":{"line":44,"column":119}},"line":44}},"branchMap":{"0":{"loc":{"start":{"line":12,"column":13},"end":{"line":12,"column":37}},"type":"binary-expr","locations":[{"start":{"line":12,"column":13},"end":{"line":12,"column":29}},{"start":{"line":12,"column":33},"end":{"line":12,"column":37}}],"line":12}},"s":{"0":1,"1":1,"2":1,"3":1,"4":1,"5":1,"6":1,"7":1,"8":1,"9":1,"10":1,"11":1,"12":1,"13":1,"14":1,"15":1,"16":1},"f":{"0":1},"b":{"0":[1,0]},"_coverageSchema":"1a1c01bbd47fc00a2c39e90264f33305004495a9","hash":"bce01358e8dd1624504d47a8ddc09874b93f4a1a"}
,"/home/juan-vidal/SENA/SENASOFT/match-battle/backend/src/DB/dbconfig.js": {"path":"/home/juan-vidal/SENA/SENASOFT/match-battle/backend/src/DB/dbconfig.js","statementMap":{"0":{"start":{"line":3,"column":21},"end":{"line":12,"column":1}},"1":{"start":{"line":4,"column":4},"end":{"line":11,"column":5}},"2":{"start":{"line":6,"column":8},"end":{"line":6,"column":54}},"3":{"start":{"line":7,"column":8},"end":{"line":7,"column":44}},"4":{"start":{"line":10,"column":8},"end":{"line":10,"column":66}}},"fnMap":{"0":{"name":"(anonymous_0)","decl":{"start":{"line":3,"column":21},"end":{"line":3,"column":22}},"loc":{"start":{"line":3,"column":32},"end":{"line":12,"column":1}},"line":3}},"branchMap":{},"s":{"0":1,"1":1,"2":1,"3":1,"4":0},"f":{"0":1},"b":{},"_coverageSchema":"1a1c01bbd47fc00a2c39e90264f33305004495a9","hash":"76629706113e4fe9fc36d104a3ce8d6aa9768ccc"}
,"/home/juan-vidal/SENA/SENASOFT/match-battle/backend/src/controllers/auth.controller.js": {"path":"/home/juan-vidal/SENA/SENASOFT/match-battle/backend/src/controllers/auth.controller.js","statementMap":{"0":{"start":{"line":5,"column":21},"end":{"line":55,"column":1}},"1":{"start":{"line":7,"column":32},"end":{"line":7,"column":40}},"2":{"start":{"line":9,"column":4},"end":{"line":53,"column":5}},"3":{"start":{"line":11,"column":26},"end":{"line":11,"column":60}},"4":{"start":{"line":12,"column":8},"end":{"line":12,"column":98}},"5":{"start":{"line":12,"column":23},"end":{"line":12,"column":98}},"6":{"start":{"line":14,"column":32},"end":{"line":14,"column":82}},"7":{"start":{"line":15,"column":8},"end":{"line":15,"column":114}},"8":{"start":{"line":15,"column":38},"end":{"line":15,"column":114}},"9":{"start":{"line":17,"column":26},"end":{"line":17,"column":103}},"10":{"start":{"line":19,"column":21},"end":{"line":26,"column":9}},"11":{"start":{"line":28,"column":8},"end":{"line":45,"column":9}},"12":{"start":{"line":33,"column":16},"end":{"line":33,"column":96}},"13":{"start":{"line":34,"column":16},"end":{"line":38,"column":19}},"14":{"start":{"line":39,"column":16},"end":{"line":43,"column":19}},"15":{"start":{"line":48,"column":8},"end":{"line":48,"column":27}},"16":{"start":{"line":49,"column":8},"end":{"line":52,"column":11}},"17":{"start":{"line":57,"column":24},"end":{"line":90,"column":1}},"18":{"start":{"line":59,"column":74},"end":{"line":59,"column":82}},"19":{"start":{"line":61,"column":4},"end":{"line":89,"column":5}},"20":{"start":{"line":63,"column":26},"end":{"line":63,"column":60}},"21":{"start":{"line":64,"column":8},"end":{"line":64,"column":108}},"22":{"start":{"line":64,"column":22},"end":{"line":64,"column":108}},"23":{"start":{"line":66,"column":21},"end":{"line":66,"column":82}},"24":{"start":{"line":68,"column":21},"end":{"line":68,"column":45}},"25":{"start":{"line":69,"column":8},"end":{"line":69,"column":63}},"26":{"start":{"line":71,"column":28},"end":{"line":71,"column":56}},"27":{"start":{"line":73,"column":23},"end":{"line":79,"column":9}},"28":{"start":{"line":81,"column":8},"end":{"line":81,"column":92}},"29":{"start":{"line":84,"column":8},"end":{"line":84,"column":27}},"30":{"start":{"line":85,"column":8},"end":{"line":88,"column":11}},"31":{"start":{"line":92,"column":27},"end":{"line":128,"column":1}},"32":{"start":{"line":94,"column":22},"end":{"line":94,"column":33}},"33":{"start":{"line":96,"column":4},"end":{"line":127,"column":5}},"34":{"start":{"line":98,"column":8},"end":{"line":98,"column":81}},"35":{"start":{"line":98,"column":19},"end":{"line":98,"column":81}},"36":{"start":{"line":100,"column":8},"end":{"line":119,"column":10}},"37":{"start":{"line":101,"column":12},"end":{"line":101,"column":78}},"38":{"start":{"line":101,"column":22},"end":{"line":101,"column":78}},"39":{"start":{"line":103,"column":30},"end":{"line":103,"column":63}},"40":{"start":{"line":104,"column":12},"end":{"line":104,"column":109}},"41":{"start":{"line":104,"column":27},"end":{"line":104,"column":109}},"42":{"start":{"line":106,"column":31},"end":{"line":113,"column":13}},"43":{"start":{"line":115,"column":12},"end":{"line":118,"column":15}},"44":{"start":{"line":122,"column":8},"end":{"line":122,"column":27}},"45":{"start":{"line":123,"column":8},"end":{"line":126,"column":11}},"46":{"start":{"line":130,"column":22},"end":{"line":149,"column":1}},"47":{"start":{"line":132,"column":19},"end":{"line":132,"column":29}},"48":{"start":{"line":134,"column":4},"end":{"line":148,"column":5}},"49":{"start":{"line":136,"column":8},"end":{"line":138,"column":11}},"50":{"start":{"line":139,"column":8},"end":{"line":139,"column":76}},"51":{"start":{"line":140,"column":8},"end":{"line":140,"column":74}},"52":{"start":{"line":143,"column":8},"end":{"line":143,"column":27}},"53":{"start":{"line":144,"column":8},"end":{"line":147,"column":11}}},"fnMap":{"0":{"name":"(anonymous_0)","decl":{"start":{"line":5,"column":21},"end":{"line":5,"column":22}},"loc":{"start":{"line":5,"column":40},"end":{"line":55,"column":1}},"line":5},"1":{"name":"(anonymous_1)","decl":{"start":{"line":32,"column":12},"end":{"line":32,"column":13}},"loc":{"start":{"line":32,"column":30},"end":{"line":44,"column":13}},"line":32},"2":{"name":"(anonymous_2)","decl":{"start":{"line":57,"column":24},"end":{"line":57,"column":25}},"loc":{"start":{"line":57,"column":43},"end":{"line":90,"column":1}},"line":57},"3":{"name":"(anonymous_3)","decl":{"start":{"line":92,"column":27},"end":{"line":92,"column":28}},"loc":{"start":{"line":92,"column":46},"end":{"line":128,"column":1}},"line":92},"4":{"name":"(anonymous_4)","decl":{"start":{"line":100,"column":52},"end":{"line":100,"column":53}},"loc":{"start":{"line":100,"column":74},"end":{"line":119,"column":9}},"line":100},"5":{"name":"(anonymous_5)","decl":{"start":{"line":130,"column":22},"end":{"line":130,"column":23}},"loc":{"start":{"line":130,"column":41},"end":{"line":149,"column":1}},"line":130}},"branchMap":{"0":{"loc":{"start":{"line":12,"column":8},"end":{"line":12,"column":98}},"type":"if","locations":[{"start":{"line":12,"column":8},"end":{"line":12,"column":98}},{"start":{},"end":{}}],"line":12},"1":{"loc":{"start":{"line":15,"column":8},"end":{"line":15,"column":114}},"type":"if","locations":[{"start":{"line":15,"column":8},"end":{"line":15,"column":114}},{"start":{},"end":{}}],"line":15},"2":{"loc":{"start":{"line":33,"column":16},"end":{"line":33,"column":95}},"type":"binary-expr","locations":[{"start":{"line":33,"column":16},"end":{"line":33,"column":21}},{"start":{"line":33,"column":25},"end":{"line":33,"column":95}}],"line":33},"3":{"loc":{"start":{"line":64,"column":8},"end":{"line":64,"column":108}},"type":"if","locations":[{"start":{"line":64,"column":8},"end":{"line":64,"column":108}},{"start":{},"end":{}}],"line":64},"4":{"loc":{"start":{"line":98,"column":8},"end":{"line":98,"column":81}},"type":"if","locations":[{"start":{"line":98,"column":8},"end":{"line":98,"column":81}},{"start":{},"end":{}}],"line":98},"5":{"loc":{"start":{"line":101,"column":12},"end":{"line":101,"column":78}},"type":"if","locations":[{"start":{"line":101,"column":12},"end":{"line":101,"column":78}},{"start":{},"end":{}}],"line":101},"6":{"loc":{"start":{"line":104,"column":12},"end":{"line":104,"column":109}},"type":"if","locations":[{"start":{"line":104,"column":12},"end":{"line":104,"column":109}},{"start":{},"end":{}}],"line":104}},"s":{"0":1,"1":0,"2":0,"3":0,"4":0,"5":0,"6":0,"7":0,"8":0,"9":0,"10":0,"11":0,"12":0,"13":0,"14":0,"15":0,"16":0,"17":1,"18":0,"19":0,"20":0,"21":0,"22":0,"23":0,"24":0,"25":0,"26":0,"27":0,"28":0,"29":0,"30":0,"31":1,"32":0,"33":0,"34":0,"35":0,"36":0,"37":0,"38":0,"39":0,"40":0,"41":0,"42":0,"43":0,"44":0,"45":0,"46":1,"47":0,"48":0,"49":0,"50":0,"51":0,"52":0,"53":0},"f":{"0":0,"1":0,"2":0,"3":0,"4":0,"5":0},"b":{"0":[0,0],"1":[0,0],"2":[0,0],"3":[0,0],"4":[0,0],"5":[0,0],"6":[0,0]},"_coverageSchema":"1a1c01bbd47fc00a2c39e90264f33305004495a9","hash":"c85c676017d74b0ee7891bb291659896d95786af"}
,"/home/juan-vidal/SENA/SENASOFT/match-battle/backend/src/controllers/card.controller.js": {"path":"/home/juan-vidal/SENA/SENASOFT/match-battle/backend/src/controllers/card.controller.js","statementMap":{"0":{"start":{"line":4,"column":27},"end":{"line":20,"column":1}},"1":{"start":{"line":5,"column":4},"end":{"line":19,"column":5}},"2":{"start":{"line":7,"column":22},"end":{"line":7,"column":46}},"3":{"start":{"line":9,"column":8},"end":{"line":12,"column":11}},"4":{"start":{"line":15,"column":8},"end":{"line":18,"column":11}},"5":{"start":{"line":22,"column":27},"end":{"line":46,"column":1}},"6":{"start":{"line":24,"column":19},"end":{"line":24,"column":29}},"7":{"start":{"line":26,"column":4},"end":{"line":45,"column":5}},"8":{"start":{"line":28,"column":26},"end":{"line":28,"column":54}},"9":{"start":{"line":30,"column":8},"end":{"line":33,"column":11}},"10":{"start":{"line":30,"column":23},"end":{"line":33,"column":11}},"11":{"start":{"line":35,"column":8},"end":{"line":38,"column":11}},"12":{"start":{"line":41,"column":8},"end":{"line":44,"column":11}},"13":{"start":{"line":48,"column":27},"end":{"line":67,"column":1}},"14":{"start":{"line":50,"column":18},"end":{"line":50,"column":26}},"15":{"start":{"line":52,"column":4},"end":{"line":66,"column":5}},"16":{"start":{"line":54,"column":29},"end":{"line":54,"column":62}},"17":{"start":{"line":56,"column":8},"end":{"line":59,"column":10}},"18":{"start":{"line":62,"column":8},"end":{"line":65,"column":11}}},"fnMap":{"0":{"name":"(anonymous_0)","decl":{"start":{"line":4,"column":27},"end":{"line":4,"column":28}},"loc":{"start":{"line":4,"column":46},"end":{"line":20,"column":1}},"line":4},"1":{"name":"(anonymous_1)","decl":{"start":{"line":22,"column":27},"end":{"line":22,"column":28}},"loc":{"start":{"line":22,"column":46},"end":{"line":46,"column":1}},"line":22},"2":{"name":"(anonymous_2)","decl":{"start":{"line":48,"column":27},"end":{"line":48,"column":28}},"loc":{"start":{"line":48,"column":46},"end":{"line":67,"column":1}},"line":48}},"branchMap":{"0":{"loc":{"start":{"line":30,"column":8},"end":{"line":33,"column":11}},"type":"if","locations":[{"start":{"line":30,"column":8},"end":{"line":33,"column":11}},{"start":{},"end":{}}],"line":30}},"s":{"0":1,"1":1,"2":1,"3":1,"4":0,"5":1,"6":0,"7":0,"8":0,"9":0,"10":0,"11":0,"12":0,"13":1,"14":0,"15":0,"16":0,"17":0,"18":0},"f":{"0":1,"1":0,"2":0},"b":{"0":[0,0]},"_coverageSchema":"1a1c01bbd47fc00a2c39e90264f33305004495a9","hash":"d3fe47f1a40dd7acff0847b6c569073ec826cee2"}
,"/home/juan-vidal/SENA/SENASOFT/match-battle/backend/src/controllers/partida.controller.js": {"path":"/home/juan-vidal/SENA/SENASOFT/match-battle/backend/src/controllers/partida.controller.js","statementMap":{"0":{"start":{"line":3,"column":30},"end":{"line":22,"column":1}},"1":{"start":{"line":4,"column":4},"end":{"line":21,"column":5}},"2":{"start":{"line":6,"column":28},"end":{"line":9,"column":10}},"3":{"start":{"line":11,"column":8},"end":{"line":14,"column":11}},"4":{"start":{"line":17,"column":8},"end":{"line":20,"column":11}},"5":{"start":{"line":24,"column":30},"end":{"line":51,"column":1}},"6":{"start":{"line":26,"column":19},"end":{"line":26,"column":29}},"7":{"start":{"line":28,"column":4},"end":{"line":50,"column":5}},"8":{"start":{"line":30,"column":29},"end":{"line":33,"column":10}},"9":{"start":{"line":35,"column":8},"end":{"line":38,"column":11}},"10":{"start":{"line":35,"column":26},"end":{"line":38,"column":11}},"11":{"start":{"line":40,"column":8},"end":{"line":43,"column":11}},"12":{"start":{"line":46,"column":8},"end":{"line":49,"column":11}},"13":{"start":{"line":53,"column":29},"end":{"line":83,"column":1}},"14":{"start":{"line":55,"column":58},"end":{"line":55,"column":66}},"15":{"start":{"line":57,"column":4},"end":{"line":82,"column":5}},"16":{"start":{"line":59,"column":8},"end":{"line":62,"column":11}},"17":{"start":{"line":59,"column":57},"end":{"line":62,"column":11}},"18":{"start":{"line":65,"column":8},"end":{"line":68,"column":11}},"19":{"start":{"line":65,"column":55},"end":{"line":68,"column":11}},"20":{"start":{"line":70,"column":31},"end":{"line":70,"column":103}},"21":{"start":{"line":72,"column":8},"end":{"line":75,"column":11}},"22":{"start":{"line":78,"column":8},"end":{"line":81,"column":11}},"23":{"start":{"line":85,"column":30},"end":{"line":108,"column":1}},"24":{"start":{"line":87,"column":19},"end":{"line":87,"column":29}},"25":{"start":{"line":88,"column":25},"end":{"line":88,"column":33}},"26":{"start":{"line":90,"column":4},"end":{"line":107,"column":5}},"27":{"start":{"line":93,"column":31},"end":{"line":93,"column":100}},"28":{"start":{"line":94,"column":8},"end":{"line":94,"column":36}},"29":{"start":{"line":97,"column":8},"end":{"line":100,"column":11}},"30":{"start":{"line":103,"column":8},"end":{"line":106,"column":11}}},"fnMap":{"0":{"name":"(anonymous_0)","decl":{"start":{"line":3,"column":30},"end":{"line":3,"column":31}},"loc":{"start":{"line":3,"column":49},"end":{"line":22,"column":1}},"line":3},"1":{"name":"(anonymous_1)","decl":{"start":{"line":24,"column":30},"end":{"line":24,"column":31}},"loc":{"start":{"line":24,"column":49},"end":{"line":51,"column":1}},"line":24},"2":{"name":"(anonymous_2)","decl":{"start":{"line":53,"column":29},"end":{"line":53,"column":30}},"loc":{"start":{"line":53,"column":48},"end":{"line":83,"column":1}},"line":53},"3":{"name":"(anonymous_3)","decl":{"start":{"line":85,"column":30},"end":{"line":85,"column":31}},"loc":{"start":{"line":85,"column":49},"end":{"line":108,"column":1}},"line":85}},"branchMap":{"0":{"loc":{"start":{"line":35,"column":8},"end":{"line":38,"column":11}},"type":"if","locations":[{"start":{"line":35,"column":8},"end":{"line":38,"column":11}},{"start":{},"end":{}}],"line":35},"1":{"loc":{"start":{"line":59,"column":8},"end":{"line":62,"column":11}},"type":"if","locations":[{"start":{"line":59,"column":8},"end":{"line":62,"column":11}},{"start":{},"end":{}}],"line":59},"2":{"loc":{"start":{"line":59,"column":11},"end":{"line":59,"column":55}},"type":"binary-expr","locations":[{"start":{"line":59,"column":11},"end":{"line":59,"column":31}},{"start":{"line":59,"column":35},"end":{"line":59,"column":55}}],"line":59},"3":{"loc":{"start":{"line":65,"column":8},"end":{"line":68,"column":11}},"type":"if","locations":[{"start":{"line":65,"column":8},"end":{"line":68,"column":11}},{"start":{},"end":{}}],"line":65}},"s":{"0":1,"1":0,"2":0,"3":0,"4":0,"5":1,"6":0,"7":0,"8":0,"9":0,"10":0,"11":0,"12":0,"13":1,"14":0,"15":0,"16":0,"17":0,"18":0,"19":0,"20":0,"21":0,"22":0,"23":1,"24":0,"25":0,"26":0,"27":0,"28":0,"29":0,"30":0},"f":{"0":0,"1":0,"2":0,"3":0},"b":{"0":[0,0],"1":[0,0],"2":[0,0],"3":[0,0]},"_coverageSchema":"1a1c01bbd47fc00a2c39e90264f33305004495a9","hash":"589c79cee99d91eb6fa675885d6a86ce72aabc43"}
,"/home/juan-vidal/SENA/SENASOFT/match-battle/backend/src/controllers/user.controller.js": {"path":"/home/juan-vidal/SENA/SENASOFT/match-battle/backend/src/controllers/user.controller.js","statementMap":{"0":{"start":{"line":4,"column":26},"end":{"line":20,"column":1}},"1":{"start":{"line":5,"column":4},"end":{"line":19,"column":5}},"2":{"start":{"line":7,"column":22},"end":{"line":7,"column":46}},"3":{"start":{"line":9,"column":8},"end":{"line":12,"column":11}},"4":{"start":{"line":15,"column":8},"end":{"line":18,"column":11}},"5":{"start":{"line":22,"column":27},"end":{"line":47,"column":1}},"6":{"start":{"line":24,"column":19},"end":{"line":24,"column":29}},"7":{"start":{"line":26,"column":4},"end":{"line":46,"column":5}},"8":{"start":{"line":28,"column":26},"end":{"line":28,"column":54}},"9":{"start":{"line":30,"column":8},"end":{"line":33,"column":11}},"10":{"start":{"line":30,"column":23},"end":{"line":33,"column":11}},"11":{"start":{"line":35,"column":8},"end":{"line":38,"column":11}},"12":{"start":{"line":42,"column":8},"end":{"line":45,"column":11}}},"fnMap":{"0":{"name":"(anonymous_0)","decl":{"start":{"line":4,"column":26},"end":{"line":4,"column":27}},"loc":{"start":{"line":4,"column":45},"end":{"line":20,"column":1}},"line":4},"1":{"name":"(anonymous_1)","decl":{"start":{"line":22,"column":27},"end":{"line":22,"column":28}},"loc":{"start":{"line":22,"column":46},"end":{"line":47,"column":1}},"line":22}},"branchMap":{"0":{"loc":{"start":{"line":30,"column":8},"end":{"line":33,"column":11}},"type":"if","locations":[{"start":{"line":30,"column":8},"end":{"line":33,"column":11}},{"start":{},"end":{}}],"line":30}},"s":{"0":1,"1":0,"2":0,"3":0,"4":0,"5":1,"6":0,"7":0,"8":0,"9":0,"10":0,"11":0,"12":0},"f":{"0":0,"1":0},"b":{"0":[0,0]},"_coverageSchema":"1a1c01bbd47fc00a2c39e90264f33305004495a9","hash":"99917c6074998c65460e3af3e66499b0f94fbc97"}
,"/home/juan-vidal/SENA/SENASOFT/match-battle/backend/src/models/card.model.js": {"path":"/home/juan-vidal/SENA/SENASOFT/match-battle/backend/src/models/card.model.js","statementMap":{"0":{"start":{"line":3,"column":19},"end":{"line":36,"column":2}},"1":{"start":{"line":38,"column":25},"end":{"line":38,"column":65}}},"fnMap":{},"branchMap":{},"s":{"0":1,"1":1},"f":{},"b":{},"_coverageSchema":"1a1c01bbd47fc00a2c39e90264f33305004495a9","hash":"7aef114976800effc38b10af52d25fba8c152b68"}
,"/home/juan-vidal/SENA/SENASOFT/match-battle/backend/src/models/partida.model.js": {"path":"/home/juan-vidal/SENA/SENASOFT/match-battle/backend/src/models/partida.model.js","statementMap":{"0":{"start":{"line":3,"column":22},"end":{"line":24,"column":2}},"1":{"start":{"line":26,"column":28},"end":{"line":26,"column":74}}},"fnMap":{},"branchMap":{},"s":{"0":1,"1":1},"f":{},"b":{},"_coverageSchema":"1a1c01bbd47fc00a2c39e90264f33305004495a9","hash":"ab8dce39c85bfda0fc57c4e0bb4bd0a6888ea3af"}
,"/home/juan-vidal/SENA/SENASOFT/match-battle/backend/src/models/user.model.js": {"path":"/home/juan-vidal/SENA/SENASOFT/match-battle/backend/src/models/user.model.js","statementMap":{"0":{"start":{"line":3,"column":19},"end":{"line":34,"column":2}},"1":{"start":{"line":36,"column":25},"end":{"line":36,"column":65}}},"fnMap":{},"branchMap":{},"s":{"0":1,"1":1},"f":{},"b":{},"_coverageSchema":"1a1c01bbd47fc00a2c39e90264f33305004495a9","hash":"2dfdb00175776ff6afc5f29464657de49c083432"}
,"/home/juan-vidal/SENA/SENASOFT/match-battle/backend/src/routes/auth.routes.js": {"path":"/home/juan-vidal/SENA/SENASOFT/match-battle/backend/src/routes/auth.routes.js","statementMap":{"0":{"start":{"line":4,"column":19},"end":{"line":4,"column":27}},"1":{"start":{"line":6,"column":0},"end":{"line":6,"column":39}},"2":{"start":{"line":7,"column":0},"end":{"line":7,"column":33}},"3":{"start":{"line":8,"column":0},"end":{"line":8,"column":39}},"4":{"start":{"line":9,"column":0},"end":{"line":9,"column":45}}},"fnMap":{},"branchMap":{},"s":{"0":1,"1":1,"2":1,"3":1,"4":1},"f":{},"b":{},"_coverageSchema":"1a1c01bbd47fc00a2c39e90264f33305004495a9","hash":"c642bb75b953a848d16eeac177fcb4dc200a37ce"}
,"/home/juan-vidal/SENA/SENASOFT/match-battle/backend/src/routes/card.routes.js": {"path":"/home/juan-vidal/SENA/SENASOFT/match-battle/backend/src/routes/card.routes.js","statementMap":{"0":{"start":{"line":4,"column":20},"end":{"line":4,"column":28}},"1":{"start":{"line":6,"column":0},"end":{"line":6,"column":39}},"2":{"start":{"line":7,"column":0},"end":{"line":7,"column":43}},"3":{"start":{"line":8,"column":0},"end":{"line":8,"column":40}}},"fnMap":{},"branchMap":{},"s":{"0":1,"1":1,"2":1,"3":1},"f":{},"b":{},"_coverageSchema":"1a1c01bbd47fc00a2c39e90264f33305004495a9","hash":"343e3c2568812315b16e6fca26407773591ec60e"}
,"/home/juan-vidal/SENA/SENASOFT/match-battle/backend/src/routes/partida.routes.js": {"path":"/home/juan-vidal/SENA/SENASOFT/match-battle/backend/src/routes/partida.routes.js","statementMap":{"0":{"start":{"line":4,"column":22},"end":{"line":4,"column":30}},"1":{"start":{"line":6,"column":0},"end":{"line":6,"column":46}},"2":{"start":{"line":7,"column":0},"end":{"line":7,"column":47}},"3":{"start":{"line":8,"column":0},"end":{"line":8,"column":50}},"4":{"start":{"line":9,"column":0},"end":{"line":9,"column":66}}},"fnMap":{},"branchMap":{},"s":{"0":1,"1":1,"2":1,"3":1,"4":1},"f":{},"b":{},"_coverageSchema":"1a1c01bbd47fc00a2c39e90264f33305004495a9","hash":"6394ec153343c84ca13fc4a594574ea12438f2b4"}
,"/home/juan-vidal/SENA/SENASOFT/match-battle/backend/src/routes/user.routes.js": {"path":"/home/juan-vidal/SENA/SENASOFT/match-battle/backend/src/routes/user.routes.js","statementMap":{"0":{"start":{"line":4,"column":19},"end":{"line":4,"column":27}},"1":{"start":{"line":6,"column":0},"end":{"line":6,"column":37}},"2":{"start":{"line":7,"column":0},"end":{"line":7,"column":42}}},"fnMap":{},"branchMap":{},"s":{"0":1,"1":1,"2":1},"f":{},"b":{},"_coverageSchema":"1a1c01bbd47fc00a2c39e90264f33305004495a9","hash":"798b46d3cd74854c76f8bdf312223739011ccc7c"}
}
